<?xml version="1.0" encoding="UTF-8"?>
<testsuite name="com.aor.numbers.ListSorterTest" tests="1" skipped="0" failures="0" errors="0" timestamp="2020-03-26T18:00:08" hostname="catarina03-HP-Pavilion-Laptop-14-ce0xxx" time="0.002">
  <properties/>
  <testcase name="sort" classname="com.aor.numbers.ListSorterTest" time="0.002"/>
  <system-out><![CDATA[]]></system-out>
  <system-err><![CDATA[]]></system-err>
</testsuite>
