<?xml version="1.0" encoding="UTF-8"?>
<testsuite name="com.aor.numbers.ListAggregatorTest" tests="1" skipped="0" failures="0" errors="0" timestamp="2020-03-26T18:00:08" hostname="catarina03-HP-Pavilion-Laptop-14-ce0xxx" time="0.001">
  <properties/>
  <testcase name="distinct_bug8726" classname="com.aor.numbers.ListAggregatorTest" time="0.001"/>
  <system-out><![CDATA[]]></system-out>
  <system-err><![CDATA[]]></system-err>
</testsuite>
