<?xml version="1.0" encoding="UTF-8"?>
<testsuite name="com.aor.numbers.ListDeduplicatorTest" tests="1" skipped="0" failures="0" errors="0" timestamp="2020-03-12T19:45:08" hostname="catarina03-HP-Pavilion-Laptop-14-ce0xxx" time="0.001">
  <properties/>
  <testcase name="deduplicate" classname="com.aor.numbers.ListDeduplicatorTest" time="0.001"/>
  <system-out><![CDATA[]]></system-out>
  <system-err><![CDATA[]]></system-err>
</testsuite>
